[2018-12-30 03:12:54] [info] Start Program:
Path:"C:\Users\Peter G Bouillon\Source\Repos\ags\Solutions\\.test\Debug\Compiler.Lib.Test.exe"
Arguments:
Working directory: "C:\Users\Peter G Bouillon\source\repos\ags\Solutions\Compiler.Lib\"
Modules: Selected: C:\Users\Peter G Bouillon\Source\Repos\ags\Solutions\.lib\Debug\Compiler_d.lib C:\Users\Peter G Bouillon\Source\Repos\ags\Solutions\.test\Debug\Compiler.Lib.Test.exe Excluded: 
Sources: Selected: C:\Users\Peter G Bouillon\source\repos\ags\Common\script C:\Users\Peter G Bouillon\source\repos\ags\Compiler C:\Users\Peter G Bouillon\source\repos\ags\Solutions\Compiler.Lib C:\Users\Peter G Bouillon\source\repos\ags\Common\libsrc\googletest\src C:\Users\Peter G Bouillon\source\repos\ags\Common\util C:\Users\Peter G Bouillon\source\repos\ags\Compiler\test C:\Users\Peter G Bouillon\source\repos\ags\Solutions\Compiler.Lib Excluded: 
Log Level: Normal
Cover Children: 0
Aggregate by file: 1
Continue after C++ exception: 0
Optimized build support: 0
Export: Binary C:\Users\Peter G Bouillon\AppData\Local\Temp\lnyqqiag.b02 
Input coverage: 
Unified diff: 
Excluded line regular expressions: 
Substitute pdb source paths: 

[2018-12-30 03:12:54] [info] Module: C:\Users\Peter G Bouillon\source\repos\ags\Solutions\.test\Debug\Compiler.Lib.Test.exe is selected because it matches selected pattern: C:\Users\Peter G Bouillon\Source\Repos\ags\Solutions\.test\Debug\Compiler.Lib.Test.exe
[2018-12-30 03:12:55] [info] ----------------------------------------------------
[2018-12-30 03:12:55] [info] Coverage binary generated in file: C:\Users\Peter G Bouillon\AppData\Local\Temp\lnyqqiag.b02
[2018-12-30 03:12:55] [info] ----------------------------------------------------
[2018-12-30 03:12:55] [error] Your program stop with error code: 1
